<?xml version="1.0" encoding="UTF-8"?>
<testsuite xmlns:xsi="http://www.w3.org/2001/XMLSchema-instance" xsi:noNamespaceSchemaLocation="https://maven.apache.org/surefire/maven-surefire-plugin/xsd/surefire-test-report.xsd" name="com.bookshopapp.BookShopMaintenanceApplicationProviderTests" time="6.211" tests="1" errors="1" skipped="0" failures="0">
  <properties>
[...]
</properties>
  <testcase name="initializationError" classname="com.bookshopapp.BookShopMaintenanceApplicationProviderTests" time="0.008">
    <error message="https" type="java.net.UnknownHostException">java.net.UnknownHostException: https
</error>
    <system-out><![CDATA[16:46:07.207 [main] DEBUG au.com.dius.pact.provider.junit.loader.PactBrokerLoader - Loading pacts from pact broker for provider bookProvider and tag latest
16:46:08.124 [main] DEBUG au.com.dius.pact.pactbroker.HalClientBase - Fetching: /
16:46:09.562 [main] DEBUG org.apache.http.client.protocol.RequestAddCookies - CookieSpec selected: default
16:46:09.590 [main] DEBUG org.apache.http.client.protocol.RequestAuthCache - Auth cache not set in the context
16:46:09.593 [main] DEBUG org.apache.http.impl.conn.PoolingHttpClientConnectionManager - Connection request: [route: {s}->https://https:443][total kept alive: 0; route allocated: 0 of 5; total allocated: 0 of 10]
16:46:09.623 [main] DEBUG org.apache.http.impl.conn.PoolingHttpClientConnectionManager - Connection leased: [id: 0][route: {s}->https://https:443][total kept alive: 0; route allocated: 1 of 5; total allocated: 1 of 10]
16:46:09.628 [main] DEBUG org.apache.http.impl.execchain.MainClientExec - Opening connection {s}->https://https:443
16:46:11.888 [main] DEBUG org.apache.http.impl.conn.DefaultManagedHttpClientConnection - http-outgoing-0: Shutdown connection
16:46:11.888 [main] DEBUG org.apache.http.impl.execchain.MainClientExec - Connection discarded
16:46:11.889 [main] DEBUG org.apache.http.impl.conn.PoolingHttpClientConnectionManager - Connection released: [id: 0][route: {s}->https://https:443][total kept alive: 0; route allocated: 0 of 5; total allocated: 0 of 10]
]]></system-out>
  </testcase>
</testsuite>